<?xml version="1.0" encoding="UTF-8"?>
<testng-results skipped="0" failed="0" total="1" passed="1">
  <reporter-output>
  </reporter-output>
  <suite name="Default suite" duration-ms="20349" started-at="2016-05-09T14:48:05Z" finished-at="2016-05-09T14:48:25Z">
    <groups>
    </groups>
    <test name="Default test" duration-ms="20349" started-at="2016-05-09T14:48:05Z" finished-at="2016-05-09T14:48:25Z">
      <class name="org.learning.startup.SimpleTest">
        <test-method status="PASS" signature="beforeMethod()[pri:0, instance:org.learning.startup.SimpleTest@58651fd0]" name="beforeMethod" is-config="true" duration-ms="7421" started-at="2016-05-09T16:48:05Z" finished-at="2016-05-09T16:48:13Z">
          <reporter-output>
          </reporter-output>
        </test-method> <!-- beforeMethod -->
        <test-method status="PASS" signature="testWrongPassPO()[pri:0, instance:org.learning.startup.SimpleTest@58651fd0]" name="testWrongPassPO" duration-ms="12648" started-at="2016-05-09T16:48:13Z" finished-at="2016-05-09T16:48:25Z">
          <reporter-output>
          </reporter-output>
        </test-method> <!-- testWrongPassPO -->
        <test-method status="PASS" signature="afterMethod()[pri:0, instance:org.learning.startup.SimpleTest@58651fd0]" name="afterMethod" is-config="true" duration-ms="270" started-at="2016-05-09T16:48:25Z" finished-at="2016-05-09T16:48:25Z">
          <reporter-output>
          </reporter-output>
        </test-method> <!-- afterMethod -->
      </class> <!-- org.learning.startup.SimpleTest -->
    </test> <!-- Default test -->
  </suite> <!-- Default suite -->
</testng-results>
